  linux.c
C:\Users\bit\Source\Repos\list\linux.c(6,1): warning C4005: '_INTSIZEOF': 매크로 재정의
C:\Program Files (x86)\Microsoft Visual Studio\2019\Community\VC\Tools\MSVC\14.27.29110\include\vadefs.h(107): message : '_INTSIZEOF'의 이전 정의를 참조하십시오.
  node.c
C:\Users\bit\Source\Repos\list\node.c(29,21): error C2143: 구문 오류: ')'이(가) '*' 앞에 없습니다.
C:\Users\bit\Source\Repos\list\node.c(29,21): error C2143: 구문 오류: '{'이(가) '*' 앞에 없습니다.
C:\Users\bit\Source\Repos\list\node.c(29,34): error C2143: 구문 오류: ';'이(가) '*' 앞에 없습니다.
C:\Users\bit\Source\Repos\list\node.c(29,43): error C2059: 구문 오류: ')'
C:\Users\bit\Source\Repos\list\node.c(30,1): error C2054: 'NewNode' 다음에 '('가 필요합니다.
C:\Users\bit\Source\Repos\list\node.c(54,16): error C2065: 'List': 선언되지 않은 식별자입니다.
C:\Users\bit\Source\Repos\list\node.c(54,22): error C2065: 'NULL': 선언되지 않은 식별자입니다.
C:\Users\bit\Source\Repos\list\node.c(54,22): error C2106: '=': 왼쪽 피연산자는 l-value이어야 합니다.
C:\Users\bit\Source\Repos\list\node.c(55,19): error C2297: '*': 오른쪽 피연산자 형식으로 'int *'을(를) 사용할 수 없습니다.
C:\Users\bit\Source\Repos\list\node.c(55,25): error C2065: 'NULL': 선언되지 않은 식별자입니다.
C:\Users\bit\Source\Repos\list\node.c(56,19): error C2065: 'Current': 선언되지 않은 식별자입니다.
C:\Users\bit\Source\Repos\list\node.c(56,25): error C2065: 'NULL': 선언되지 않은 식별자입니다.
C:\Users\bit\Source\Repos\list\node.c(56,25): error C2106: '=': 왼쪽 피연산자는 l-value이어야 합니다.
C:\Users\bit\Source\Repos\list\node.c(61,29): warning C4013: 'CreateNode'이(가) 정의되지 않았습니다. extern은 int형을 반환하는 것으로 간주합니다.
C:\Users\bit\Source\Repos\list\node.c(61,32): warning C4047: '=': 'int *'의 간접 참조 수준이 'int'과(와) 다릅니다.
C:\Users\bit\Source\Repos\list\node.c(62,19): warning C4013: 'AppendNode'이(가) 정의되지 않았습니다. extern은 int형을 반환하는 것으로 간주합니다.
C:\Users\bit\Source\Repos\list\node.c(62,25): error C2065: 'List': 선언되지 않은 식별자입니다.
C:\Users\bit\Source\Repos\list\node.c(65,1): warning C4138: '*/'가 주석 외부에 있습니다.
C:\Users\bit\Source\Repos\list\node.c(65,2): error C2059: 구문 오류: '/'
  코드를 생성하고 있습니다...
